<?xml version="1.0" encoding="UTF-8"?>
<!-- Generated by org.testng.reporters.JUnitReportReporter -->
<testsuite hostname="DESKTOP-IA0Q6QJ" failures="0" tests="1" name="testng_fail.Facebook_Distributes" time="16.200" errors="0" timestamp="2023-08-12T17:49:55 IST" skipped="0">
  <testcase classname="testng_fail.Facebook_Distributes" name="facebook" time="16.200"/>
</testsuite> <!-- testng_fail.Facebook_Distributes -->
