<?xml version="1.0" encoding="UTF-8"?>
<!-- Generated by org.testng.reporters.JUnitReportReporter -->
<testsuite hostname="DESKTOP-IA0Q6QJ" failures="0" tests="1" name="testNG.Assertion" time="15.898" errors="0" timestamp="2023-08-15T01:22:43 IST" skipped="0">
  <testcase classname="testNG.Assertion" name="loginn" time="15.898"/>
</testsuite> <!-- testNG.Assertion -->
