<?xml version="1.0" encoding="UTF-8"?>
<!-- Generated by org.testng.reporters.JUnitReportReporter -->
<testsuite hostname="DESKTOP-IA0Q6QJ" failures="0" tests="1" name="testng_fail.Amazon_distributes" time="49.780" errors="0" timestamp="2023-08-12T17:49:55 IST" skipped="0">
  <testcase classname="testng_fail.Amazon_distributes" name="amazon" time="49.780"/>
</testsuite> <!-- testng_fail.Amazon_distributes -->
