<?xml version="1.0" encoding="UTF-8"?>
<!-- Generated by org.testng.reporters.JUnitReportReporter -->
<testsuite hostname="DESKTOP-IA0Q6QJ" failures="0" tests="3" name="testNG.DataProvider" time="91.291" errors="0" timestamp="2023-08-15T02:00:39 IST" skipped="0">
  <testcase classname="testNG.DataProvider" name="demo" time="29.754"/>
  <testcase classname="testNG.DataProvider" name="demo" time="32.814"/>
  <testcase classname="testNG.DataProvider" name="demo" time="28.723"/>
</testsuite> <!-- testNG.DataProvider -->
