<?xml version="1.0" encoding="UTF-8"?>
<!-- Generated by org.testng.reporters.JUnitReportReporter -->
<testsuite hostname="DESKTOP-IA0Q6QJ" failures="0" tests="2" name="testNG.Anotations" time="0.092" errors="0" timestamp="2023-08-11T17:55:14 IST" skipped="0">
  <testcase classname="testNG.Anotations" name="Demo1" time="0.046"/>
  <testcase classname="testNG.Anotations" name="Demo2" time="0.046"/>
</testsuite> <!-- testNG.Anotations -->
