<?xml version="1.0" encoding="UTF-8"?>
<!-- Generated by org.testng.reporters.JUnitReportReporter -->
<testsuite hostname="DESKTOP-IA0Q6QJ" failures="0" tests="1" name="TestNg_parallel.Facebook_Distributes" time="117.799" errors="0" timestamp="2023-08-12T17:09:57 IST" skipped="0">
  <testcase classname="TestNg_parallel.Facebook_Distributes" name="facebook" time="117.799"/>
</testsuite> <!-- TestNg_parallel.Facebook_Distributes -->
