<?xml version="1.0" encoding="UTF-8"?>
<!-- Generated by org.testng.reporters.JUnitReportReporter -->
<testsuite hostname="DESKTOP-IA0Q6QJ" failures="0" tests="3" name="testNG.Priority" time="0.339" errors="0" timestamp="2023-08-11T17:55:14 IST" skipped="1">
  <testcase classname="testNG.Priority" name="demo1" time="0.272"/>
  <testcase classname="testNG.Priority" name="demo1" time="0.067"/>
  <testcase classname="testNG.Priority" name="Demo3">
    <skipped/>
  </testcase> <!-- Demo3 -->
</testsuite> <!-- testNG.Priority -->
