<?xml version="1.0" encoding="UTF-8"?>
<!-- Generated by org.testng.reporters.JUnitReportReporter -->
<testsuite hostname="DESKTOP-IA0Q6QJ" failures="0" tests="1" name="testNG.Annotation2" time="31.060" errors="0" timestamp="2023-08-15T01:14:49 IST" skipped="0">
  <testcase classname="testNG.Annotation2" name="loginn" time="31.060"/>
</testsuite> <!-- testNG.Annotation2 -->
